{"name": "test_login_success", "status": "broken", "statusDetails": {"message": "selenium.common.exceptions.TimeoutException: Message: \nStacktrace:\n\tGetHandleVerifier [0x00007FF726915355+78597]\n\tGetHandleVerifier [0x00007FF7269153B0+78688]\n\t(No symbol) [0x00007FF7266C91AA]\n\t(No symbol) [0x00007FF72671F149]\n\t(No symbol) [0x00007FF72671F3FC]\n\t(No symbol) [0x00007FF726772467]\n\t(No symbol) [0x00007FF72674712F]\n\t(No symbol) [0x00007FF72676F2BB]\n\t(No symbol) [0x00007FF726746EC3]\n\t(No symbol) [0x00007FF7267103F8]\n\t(No symbol) [0x00007FF726711163]\n\tGetHandleVerifier [0x00007FF726BBEF0D+2870973]\n\tGetHandleVerifier [0x00007FF726BB96B8+2848360]\n\tGetHandleVerifier [0x00007FF726BD6993+2967875]\n\tGetHandleVerifier [0x00007FF72693019A+188746]\n\tGetHandleVerifier [0x00007FF72693847F+222255]\n\tGetHandleVerifier [0x00007FF72691D2D4+111236]\n\tGetHandleVerifier [0x00007FF72691D482+111666]\n\tGetHandleVerifier [0x00007FF7269035A9+5465]\n\tBaseThreadInitThunk [0x00007FFFA72D7AC4+20]\n\tRtlUserThreadStart [0x00007FFFA97BA8C1+33]", "trace": "self = <tests.test_login.TestLogin object at 0x0000022442D1AF70>\ndriver = <selenium.webdriver.chrome.webdriver.WebDriver (session=\"c2398f18ec8cfb807f7c6e6581e0376f\")>\n\n    @allure.step(\"Test de connexion valide\")\n    def test_login_success(self, driver):\n        with allure.step(\"1. Accéder à la page de login\"):\n            driver.get(Config.BASE_URL)\n        with allure.step(\"2. Remplir le formulaire\"):\n            login_page = LoginPage(driver)\n>           login_page.login(Config.CLIENT_LOGIN, Config.CLIENT_PASS)\n\ntests\\test_login.py:14: \n_ _ _ _ _ _ _ _ _ _ _ _ _ _ _ _ _ _ _ _ _ _ _ _ _ _ _ _ _ _ _ _ _ _ _ _ _ _ _ _ _ _ _ _ _ _ _ _ _ _ _ _ _ _ _ _ _ _ _ _ _ _ _ _ _ _ _ _ _ _ _ _ _ _ _ _ _\npages\\login_page.py:15: in login\n    self.enter_text(self.USERNAME_INPUT, username)\npages\\base_page.py:15: in enter_text\n    self.wait.until(EC.visibility_of_element_located(locator)).clear()\n_ _ _ _ _ _ _ _ _ _ _ _ _ _ _ _ _ _ _ _ _ _ _ _ _ _ _ _ _ _ _ _ _ _ _ _ _ _ _ _ _ _ _ _ _ _ _ _ _ _ _ _ _ _ _ _ _ _ _ _ _ _ _ _ _ _ _ _ _ _ _ _ _ _ _ _ _\n\nself = <selenium.webdriver.support.wait.WebDriverWait (session=\"c2398f18ec8cfb807f7c6e6581e0376f\")>\nmethod = <function visibility_of_element_located.<locals>._predicate at 0x00000224428F5CA0>, message = ''\n\n    def until(self, method: Callable[[D], Union[Literal[False], T]], message: str = \"\") -> T:\n        \"\"\"Calls the method provided with the driver as an argument until the \\\n        return value does not evaluate to ``False``.\n    \n        :param method: callable(WebDriver)\n        :param message: optional message for :exc:`TimeoutException`\n        :returns: the result of the last call to `method`\n        :raises: :exc:`selenium.common.exceptions.TimeoutException` if timeout occurs\n        \"\"\"\n        screen = None\n        stacktrace = None\n    \n        end_time = time.monotonic() + self._timeout\n        while True:\n            try:\n                value = method(self._driver)\n                if value:\n                    return value\n            except self._ignored_exceptions as exc:\n                screen = getattr(exc, \"screen\", None)\n                stacktrace = getattr(exc, \"stacktrace\", None)\n            if time.monotonic() > end_time:\n                break\n            time.sleep(self._poll)\n>       raise TimeoutException(message, screen, stacktrace)\nE       selenium.common.exceptions.TimeoutException: Message: \nE       Stacktrace:\nE       \tGetHandleVerifier [0x00007FF726915355+78597]\nE       \tGetHandleVerifier [0x00007FF7269153B0+78688]\nE       \t(No symbol) [0x00007FF7266C91AA]\nE       \t(No symbol) [0x00007FF72671F149]\nE       \t(No symbol) [0x00007FF72671F3FC]\nE       \t(No symbol) [0x00007FF726772467]\nE       \t(No symbol) [0x00007FF72674712F]\nE       \t(No symbol) [0x00007FF72676F2BB]\nE       \t(No symbol) [0x00007FF726746EC3]\nE       \t(No symbol) [0x00007FF7267103F8]\nE       \t(No symbol) [0x00007FF726711163]\nE       \tGetHandleVerifier [0x00007FF726BBEF0D+2870973]\nE       \tGetHandleVerifier [0x00007FF726BB96B8+2848360]\nE       \tGetHandleVerifier [0x00007FF726BD6993+2967875]\nE       \tGetHandleVerifier [0x00007FF72693019A+188746]\nE       \tGetHandleVerifier [0x00007FF72693847F+222255]\nE       \tGetHandleVerifier [0x00007FF72691D2D4+111236]\nE       \tGetHandleVerifier [0x00007FF72691D482+111666]\nE       \tGetHandleVerifier [0x00007FF7269035A9+5465]\nE       \tBaseThreadInitThunk [0x00007FFFA72D7AC4+20]\nE       \tRtlUserThreadStart [0x00007FFFA97BA8C1+33]\n\n..\\..\\AppData\\Local\\Programs\\Python\\Python38\\lib\\site-packages\\selenium\\webdriver\\support\\wait.py:105: TimeoutException"}, "steps": [{"name": "Test de connexion valide", "status": "broken", "statusDetails": {"message": "selenium.common.exceptions.TimeoutException: Message: \nStacktrace:\n\tGetHandleVerifier [0x00007FF726915355+78597]\n\tGetHandleVerifier [0x00007FF7269153B0+78688]\n\t(No symbol) [0x00007FF7266C91AA]\n\t(No symbol) [0x00007FF72671F149]\n\t(No symbol) [0x00007FF72671F3FC]\n\t(No symbol) [0x00007FF726772467]\n\t(No symbol) [0x00007FF72674712F]\n\t(No symbol) [0x00007FF72676F2BB]\n\t(No symbol) [0x00007FF726746EC3]\n\t(No symbol) [0x00007FF7267103F8]\n\t(No symbol) [0x00007FF726711163]\n\tGetHandleVerifier [0x00007FF726BBEF0D+2870973]\n\tGetHandleVerifier [0x00007FF726BB96B8+2848360]\n\tGetHandleVerifier [0x00007FF726BD6993+2967875]\n\tGetHandleVerifier [0x00007FF72693019A+188746]\n\tGetHandleVerifier [0x00007FF72693847F+222255]\n\tGetHandleVerifier [0x00007FF72691D2D4+111236]\n\tGetHandleVerifier [0x00007FF72691D482+111666]\n\tGetHandleVerifier [0x00007FF7269035A9+5465]\n\tBaseThreadInitThunk [0x00007FFFA72D7AC4+20]\n\tRtlUserThreadStart [0x00007FFFA97BA8C1+33]\n\n", "trace": "  File \"c:\\users\\sosinfo\\pycharmprojects\\arvea_automation\\.venv\\lib\\site-packages\\allure_commons\\_allure.py\", line 172, in impl\n    return func(*a, **kw)\n  File \"C:\\Users\\SOSINFO\\PycharmProjects\\arvea_automation\\tests\\test_login.py\", line 14, in test_login_success\n    login_page.login(Config.CLIENT_LOGIN, Config.CLIENT_PASS)\n  File \"C:\\Users\\SOSINFO\\PycharmProjects\\arvea_automation\\pages\\login_page.py\", line 15, in login\n    self.enter_text(self.USERNAME_INPUT, username)\n  File \"C:\\Users\\SOSINFO\\PycharmProjects\\arvea_automation\\pages\\base_page.py\", line 15, in enter_text\n    self.wait.until(EC.visibility_of_element_located(locator)).clear()\n  File \"C:\\Users\\SOSINFO\\AppData\\Local\\Programs\\Python\\Python38\\lib\\site-packages\\selenium\\webdriver\\support\\wait.py\", line 105, in until\n    raise TimeoutException(message, screen, stacktrace)\n"}, "steps": [{"name": "1. Accéder à la page de login", "status": "passed", "start": 1745097302251, "stop": 1745097307626}, {"name": "2. Remplir le formulaire", "status": "broken", "statusDetails": {"message": "selenium.common.exceptions.TimeoutException: Message: \nStacktrace:\n\tGetHandleVerifier [0x00007FF726915355+78597]\n\tGetHandleVerifier [0x00007FF7269153B0+78688]\n\t(No symbol) [0x00007FF7266C91AA]\n\t(No symbol) [0x00007FF72671F149]\n\t(No symbol) [0x00007FF72671F3FC]\n\t(No symbol) [0x00007FF726772467]\n\t(No symbol) [0x00007FF72674712F]\n\t(No symbol) [0x00007FF72676F2BB]\n\t(No symbol) [0x00007FF726746EC3]\n\t(No symbol) [0x00007FF7267103F8]\n\t(No symbol) [0x00007FF726711163]\n\tGetHandleVerifier [0x00007FF726BBEF0D+2870973]\n\tGetHandleVerifier [0x00007FF726BB96B8+2848360]\n\tGetHandleVerifier [0x00007FF726BD6993+2967875]\n\tGetHandleVerifier [0x00007FF72693019A+188746]\n\tGetHandleVerifier [0x00007FF72693847F+222255]\n\tGetHandleVerifier [0x00007FF72691D2D4+111236]\n\tGetHandleVerifier [0x00007FF72691D482+111666]\n\tGetHandleVerifier [0x00007FF7269035A9+5465]\n\tBaseThreadInitThunk [0x00007FFFA72D7AC4+20]\n\tRtlUserThreadStart [0x00007FFFA97BA8C1+33]\n\n", "trace": "  File \"C:\\Users\\SOSINFO\\PycharmProjects\\arvea_automation\\tests\\test_login.py\", line 14, in test_login_success\n    login_page.login(Config.CLIENT_LOGIN, Config.CLIENT_PASS)\n  File \"C:\\Users\\SOSINFO\\PycharmProjects\\arvea_automation\\pages\\login_page.py\", line 15, in login\n    self.enter_text(self.USERNAME_INPUT, username)\n  File \"C:\\Users\\SOSINFO\\PycharmProjects\\arvea_automation\\pages\\base_page.py\", line 15, in enter_text\n    self.wait.until(EC.visibility_of_element_located(locator)).clear()\n  File \"C:\\Users\\SOSINFO\\AppData\\Local\\Programs\\Python\\Python38\\lib\\site-packages\\selenium\\webdriver\\support\\wait.py\", line 105, in until\n    raise TimeoutException(message, screen, stacktrace)\n"}, "start": 1745097307626, "stop": 1745097317863}], "parameters": [{"name": "driver", "value": "<selenium.webdriver.chrome.webdriver.WebDriver (session=\"c2398f18ec8cfb807f7c6e6581e0376f\")>"}], "start": 1745097302251, "stop": 1745097318047}], "start": 1745097302251, "stop": 1745097318109, "uuid": "47ec82c7-dfcd-4d10-a120-d9575ba6d9d5", "historyId": "cb9c421fd7febd9ac4e3a5ec8a905411", "testCaseId": "f53b2514489833ab97e9dcb8d0c7049e", "fullName": "tests.test_login.TestLogin#test_login_success", "labels": [{"name": "tag", "value": "@pytest.mark.usefixtures('driver')"}, {"name": "parentSuite", "value": "tests"}, {"name": "suite", "value": "test_login"}, {"name": "subSuite", "value": "TestLogin"}, {"name": "host", "value": "DESKTOP-BE4T7G5"}, {"name": "thread", "value": "1800-MainThread"}, {"name": "framework", "value": "pytest"}, {"name": "language", "value": "cpython3"}, {"name": "package", "value": "tests.test_login"}]}